<?xml version="1.0" encoding="UTF-8"?>
<testng-results skipped="0" failed="0" ignored="0" total="1" passed="1">
  <reporter-output>
  </reporter-output>
  <suite name="Default suite" duration-ms="21021" started-at="2020-05-03T08:27:44Z" finished-at="2020-05-03T08:28:05Z">
    <groups>
    </groups>
    <test name="Default test" duration-ms="21021" started-at="2020-05-03T08:27:44Z" finished-at="2020-05-03T08:28:05Z">
      <class name="com.qa.hubspot.tests.LoginTestPF">
        <test-method status="PASS" signature="setup()[pri:0, instance:com.qa.hubspot.tests.LoginTestPF@91161c7]" name="setup" is-config="true" duration-ms="15319" started-at="2020-05-03T08:27:45Z" finished-at="2020-05-03T08:28:00Z">
          <reporter-output>
          </reporter-output>
        </test-method> <!-- setup -->
        <test-method status="PASS" signature="loginTest()[pri:0, instance:com.qa.hubspot.tests.LoginTestPF@91161c7]" name="loginTest" duration-ms="4802" started-at="2020-05-03T08:28:00Z" finished-at="2020-05-03T08:28:05Z">
          <reporter-output>
          </reporter-output>
        </test-method> <!-- loginTest -->
        <test-method status="PASS" signature="teardown()[pri:0, instance:com.qa.hubspot.tests.LoginTestPF@91161c7]" name="teardown" is-config="true" duration-ms="775" started-at="2020-05-03T08:28:05Z" finished-at="2020-05-03T08:28:05Z">
          <reporter-output>
          </reporter-output>
        </test-method> <!-- teardown -->
      </class> <!-- com.qa.hubspot.tests.LoginTestPF -->
    </test> <!-- Default test -->
  </suite> <!-- Default suite -->
</testng-results>
